<?xml version="1.0" encoding="UTF-8"?>
<!-- Generated by org.testng.reporters.JUnitReportReporter -->
<testsuite hostname="Vipuls-MacBook-Pro.local" failures="0" tests="1" name="com.herokuapp.theinternet.BasicLoginTest.PositiveTest" time="17.316" errors="0" timestamp="2022-09-21T16:33:39 IST" skipped="0">
  <testcase classname="com.herokuapp.theinternet.BasicLoginTest.PositiveTest" name="logInTest" time="17.316"/>
  <system-out/>
</testsuite> <!-- com.herokuapp.theinternet.BasicLoginTest.PositiveTest -->
