<?xml version="1.0" encoding="UTF-8"?>
<!-- Generated by org.testng.reporters.JUnitReportReporter -->
<testsuite hostname="Vipuls-MacBook-Pro.local" failures="0" tests="3" name="com.herokuapp.theinternet.LoginTests" time="85.596" errors="0" timestamp="2022-09-02T18:29:47 IST" skipped="0">
  <testcase classname="com.herokuapp.theinternet.LoginTests" name="positiveLoginTest" time="33.340"/>
  <system-out/>
  <testcase classname="com.herokuapp.theinternet.LoginTests" name="NegativeLoginTest" time="25.935"/>
  <system-out/>
  <testcase classname="com.herokuapp.theinternet.LoginTests" name="NegativeLoginTest" time="26.321"/>
  <system-out/>
</testsuite> <!-- com.herokuapp.theinternet.LoginTests -->
