<?xml version="1.0" encoding="UTF-8"?>
<!-- Generated by org.testng.reporters.JUnitReportReporter -->
<testsuite hostname="Vipuls-MacBook-Pro.local" failures="0" tests="2" name="com.herokuapp.theinternet.NegativeTest" time="33.487" errors="0" timestamp="2022-09-12T16:18:51 IST" skipped="0">
  <testcase classname="com.herokuapp.theinternet.NegativeTest" name="negativeTest" time="23.106"/>
  <system-out/>
  <testcase classname="com.herokuapp.theinternet.NegativeTest" name="negativeTest" time="10.381"/>
  <system-out/>
</testsuite> <!-- com.herokuapp.theinternet.NegativeTest -->
