<?xml version="1.0" encoding="UTF-8"?>
<!-- Generated by org.testng.reporters.JUnitReportReporter -->
<testsuite hostname="Vipuls-MacBook-Pro.local" failures="0" tests="4" name="com.herokuapp.theinternet.BasicLoginTest.NegativeTest" time="76.131" errors="0" timestamp="2022-09-23T17:34:13 IST" skipped="0">
  <testcase classname="com.herokuapp.theinternet.BasicLoginTest.NegativeTest" name="negativeTest" time="19.192"/>
  <system-out/>
  <testcase classname="com.herokuapp.theinternet.BasicLoginTest.NegativeTest" name="negativeTest" time="11.607"/>
  <system-out/>
  <testcase classname="com.herokuapp.theinternet.BasicLoginTest.NegativeTest" name="negativeTest" time="25.176"/>
  <system-out/>
  <testcase classname="com.herokuapp.theinternet.BasicLoginTest.NegativeTest" name="negativeTest" time="20.156"/>
  <system-out/>
</testsuite> <!-- com.herokuapp.theinternet.BasicLoginTest.NegativeTest -->
