<?xml version="1.0" encoding="UTF-8"?>
<!-- Generated by org.testng.reporters.JUnitReportReporter -->
<testsuite hostname="Vipuls-MacBook-Pro.local" failures="0" tests="3" name="com.herokuapp.theinternet.UploadTests.UploadTest" time="38.946" errors="0" timestamp="2022-09-15T16:25:23 IST" skipped="0">
  <testcase classname="com.herokuapp.theinternet.UploadTests.UploadTest" name="fileUploadTest" time="20.834"/>
  <system-out/>
  <testcase classname="com.herokuapp.theinternet.UploadTests.UploadTest" name="fileUploadTest" time="9.624"/>
  <system-out/>
  <testcase classname="com.herokuapp.theinternet.UploadTests.UploadTest" name="fileUploadTest" time="8.488"/>
  <system-out/>
</testsuite> <!-- com.herokuapp.theinternet.UploadTests.UploadTest -->
