<?xml version="1.0" encoding="UTF-8"?>
<!-- Generated by org.testng.reporters.JUnitReportReporter -->
<testsuite hostname="Vipuls-MacBook-Pro.local" failures="0" tests="1" name="com.herokuapp.theinternet.WindowsTest.WindowsTests" time="19.080" errors="0" timestamp="2022-09-14T17:31:53 IST" skipped="0">
  <testcase classname="com.herokuapp.theinternet.WindowsTest.WindowsTests" name="newWindowTest" time="19.080"/>
  <system-out/>
</testsuite> <!-- com.herokuapp.theinternet.WindowsTest.WindowsTests -->
