<?xml version="1.0" encoding="UTF-8"?>
<!-- Generated by org.testng.reporters.JUnitReportReporter -->
<testsuite hostname="Vipuls-MacBook-Pro.local" failures="0" tests="1" name="com.herokuapp.theinternet.DragAndDropTest.DragAndDropPageTest" time="16.861" errors="0" timestamp="2022-09-15T13:48:49 IST" skipped="0">
  <testcase classname="com.herokuapp.theinternet.DragAndDropTest.DragAndDropPageTest" name="dragAToBTest" time="16.861"/>
  <system-out/>
</testsuite> <!-- com.herokuapp.theinternet.DragAndDropTest.DragAndDropPageTest -->
