<?xml version="1.0" encoding="UTF-8"?>
<!-- Generated by org.testng.reporters.JUnitReportReporter -->
<testsuite hostname="KSPL0235-L" failures="0" tests="1" name="com.herokuapp.theinternet.CheckboxesPageTest.CheckboxesTest" time="9.092" errors="0" timestamp="2022-10-27T10:54:33 IST" skipped="0">
  <testcase classname="com.herokuapp.theinternet.CheckboxesPageTest.CheckboxesTest" name="selectingTwoCheckboxesTest" time="9.092"/>
  <system-out/>
</testsuite> <!-- com.herokuapp.theinternet.CheckboxesPageTest.CheckboxesTest -->
