<?xml version="1.0" encoding="UTF-8"?>
<!-- Generated by org.testng.reporters.JUnitReportReporter -->
<testsuite hostname="Vipuls-MacBook-Pro.local" failures="0" tests="3" name="com.herokuapp.theinternet.AlertTest.AlertsTests" time="30.976" errors="0" timestamp="2022-09-21T12:40:00 IST" skipped="0">
  <testcase classname="com.herokuapp.theinternet.AlertTest.AlertsTests" name="jsAlertTest" time="10.168"/>
  <system-out/>
  <testcase classname="com.herokuapp.theinternet.AlertTest.AlertsTests" name="jsPromptTest" time="12.886"/>
  <system-out/>
  <testcase classname="com.herokuapp.theinternet.AlertTest.AlertsTests" name="jsDismissTest" time="7.922"/>
  <system-out/>
</testsuite> <!-- com.herokuapp.theinternet.AlertTest.AlertsTests -->
