<?xml version="1.0" encoding="UTF-8"?>
<!-- Generated by org.testng.reporters.JUnitReportReporter -->
<testsuite hostname="KSPL0235-L" failures="0" tests="2" name="us.littleguys.testestimator.CustomerPageTest.AddCustomer" time="24.128" errors="0" timestamp="2022-11-04T11:09:11 IST" skipped="0">
  <testcase classname="us.littleguys.testestimator.CustomerPageTest.AddCustomer" name="AddCustomer" time="13.246"/>
  <system-out/>
  <testcase classname="us.littleguys.testestimator.CustomerPageTest.AddCustomer" name="AddCustomerWithSameData" time="10.882"/>
  <system-out/>
</testsuite> <!-- us.littleguys.testestimator.CustomerPageTest.AddCustomer -->
