<?xml version="1.0" encoding="UTF-8"?>
<!-- Generated by org.testng.reporters.JUnitReportReporter -->
<testsuite hostname="KSPL0235-L" failures="0" tests="1" name="us.littleguys.testestimator.EmailTemplates.CreateEmailTemplate" time="10.973" errors="0" timestamp="2022-11-04T11:09:11 IST" skipped="0">
  <testcase classname="us.littleguys.testestimator.EmailTemplates.CreateEmailTemplate" name="AddEmailTemplate" time="10.973"/>
  <system-out/>
</testsuite> <!-- us.littleguys.testestimator.EmailTemplates.CreateEmailTemplate -->
