<?xml version="1.0" encoding="UTF-8"?>
<!-- Generated by org.testng.reporters.JUnitReportReporter -->
<testsuite hostname="Vipuls-MacBook-Pro.local" failures="0" tests="2" name="com.herokuapp.theinternet.NegativeTests" time="64.751" errors="0" timestamp="2022-09-02T14:02:38 IST" skipped="0">
  <testcase classname="com.herokuapp.theinternet.NegativeTests" name="NegativeLoginTest" time="34.598"/>
  <system-out/>
  <testcase classname="com.herokuapp.theinternet.NegativeTests" name="NegativeLoginTest" time="30.153"/>
  <system-out/>
</testsuite> <!-- com.herokuapp.theinternet.NegativeTests -->
