<?xml version="1.0" encoding="UTF-8"?>
<!-- Generated by org.testng.reporters.JUnitReportReporter -->
<testsuite hostname="KSPL0235-L" failures="0" tests="1" name="com.herokuapp.theinternet.BasicLoginTest.PositiveTest" time="6.537" errors="0" timestamp="2022-10-27T10:39:04 IST" skipped="0">
  <testcase classname="com.herokuapp.theinternet.BasicLoginTest.PositiveTest" name="logInTest" time="6.537"/>
  <system-out/>
</testsuite> <!-- com.herokuapp.theinternet.BasicLoginTest.PositiveTest -->
