<?xml version="1.0" encoding="UTF-8"?>
<!-- Generated by org.testng.reporters.JUnitReportReporter -->
<testsuite hostname="Vipuls-MacBook-Pro.local" failures="0" tests="1" name="com.herokuapp.theinternet.HoverOverPageTest.HoverOverTest" time="17.396" errors="0" timestamp="2022-09-15T13:56:36 IST" skipped="0">
  <testcase classname="com.herokuapp.theinternet.HoverOverPageTest.HoverOverTest" name="user2ProfileTest" time="17.396"/>
  <system-out/>
</testsuite> <!-- com.herokuapp.theinternet.HoverOverPageTest.HoverOverTest -->
