<?xml version="1.0" encoding="UTF-8"?>
<!-- Generated by org.testng.reporters.JUnitReportReporter -->
<testsuite hostname="Vipuls-MacBook-Pro.local" failures="0" tests="1" name="com.herokuapp.theinternet.HorizontalSliderTest.HorizontalSliderTest" time="21.652" errors="0" timestamp="2022-09-15T14:02:13 IST" skipped="0">
  <testcase classname="com.herokuapp.theinternet.HorizontalSliderTest.HorizontalSliderTest" name="sliderTest" time="21.652"/>
  <system-out/>
</testsuite> <!-- com.herokuapp.theinternet.HorizontalSliderTest.HorizontalSliderTest -->
