<?xml version="1.0" encoding="UTF-8"?>
<!-- Generated by org.testng.reporters.JUnitReportReporter -->
<testsuite hostname="Vipuls-MacBook-Pro.local" failures="0" tests="1" name="com.herokuapp.theinternet.DropdownPageTest.DropdownTest" time="17.351" errors="0" timestamp="2022-09-14T16:05:47 IST" skipped="0">
  <testcase classname="com.herokuapp.theinternet.DropdownPageTest.DropdownTest" name="optionTwoTest" time="17.351"/>
  <system-out/>
</testsuite> <!-- com.herokuapp.theinternet.DropdownPageTest.DropdownTest -->
