<?xml version="1.0" encoding="UTF-8"?>
<!-- Generated by org.testng.reporters.JUnitReportReporter -->
<testsuite hostname="Vipuls-MacBook-Pro.local" failures="0" tests="1" name="com.herokuapp.theinternet.PositiveTests" time="34.694" errors="0" timestamp="2022-09-01T15:35:58 IST" skipped="0">
  <testcase classname="com.herokuapp.theinternet.PositiveTests" name="loginTest" time="34.694"/>
  <system-out/>
</testsuite> <!-- com.herokuapp.theinternet.PositiveTests -->
