<?xml version="1.0" encoding="UTF-8"?>
<!-- Generated by org.testng.reporters.JUnitReportReporter -->
<testsuite hostname="Vipuls-MacBook-Pro.local" failures="0" tests="1" name="com.herokuapp.theinternet.PositiveTest" time="22.270" errors="0" timestamp="2022-09-12T16:16:18 IST" skipped="0">
  <testcase classname="com.herokuapp.theinternet.PositiveTest" name="logInTest" time="22.270"/>
  <system-out/>
</testsuite> <!-- com.herokuapp.theinternet.PositiveTest -->
