<?xml version="1.0" encoding="UTF-8"?>
<!-- Generated by org.testng.reporters.JUnitReportReporter -->
<testsuite hostname="Vipuls-MacBook-Pro.local" failures="0" tests="1" name="com.herokuapp.theinternet.KeyPressesTest.KeyPressesTest" time="21.711" errors="0" timestamp="2022-09-14T23:04:43 IST" skipped="0">
  <testcase classname="com.herokuapp.theinternet.KeyPressesTest.KeyPressesTest" name="pressKeyWithActionsTest" time="21.711"/>
  <system-out/>
</testsuite> <!-- com.herokuapp.theinternet.KeyPressesTest.KeyPressesTest -->
